{"C:\\Users\\User\\Desktop\\MICROVERSE\\Module2\\WEEK 3\\Testing-practice\\TASK1.js": {"path":"C:\\Users\\User\\Desktop\\MICROVERSE\\Module2\\WEEK 3\\Testing-practice\\TASK1.js","statementMap":{"0":{"start":{"line":1,"column":20},"end":{"line":8,"column":1}},"1":{"start":{"line":2,"column":17},"end":{"line":2,"column":29}},"2":{"start":{"line":3,"column":4},"end":{"line":7,"column":5}},"3":{"start":{"line":4,"column":8},"end":{"line":4,"column":22}},"4":{"start":{"line":6,"column":8},"end":{"line":6,"column":60}},"5":{"start":{"line":10,"column":0},"end":{"line":10,"column":29}}},"fnMap":{"0":{"name":"(anonymous_0)","decl":{"start":{"line":1,"column":20},"end":{"line":1,"column":21}},"loc":{"start":{"line":1,"column":31},"end":{"line":8,"column":1}},"line":1}},"branchMap":{"0":{"loc":{"start":{"line":3,"column":4},"end":{"line":7,"column":5}},"type":"if","locations":[{"start":{"line":3,"column":4},"end":{"line":7,"column":5}},{"start":{"line":5,"column":9},"end":{"line":7,"column":5}}],"line":3},"1":{"loc":{"start":{"line":3,"column":7},"end":{"line":3,"column":32}},"type":"binary-expr","locations":[{"start":{"line":3,"column":7},"end":{"line":3,"column":17}},{"start":{"line":3,"column":21},"end":{"line":3,"column":32}}],"line":3}},"s":{"0":1,"1":3,"2":3,"3":1,"4":2,"5":1},"f":{"0":3},"b":{"0":[1,2],"1":[3,2]},"_coverageSchema":"1a1c01bbd47fc00a2c39e90264f33305004495a9","hash":"35cf2662ebe5e9429b7e1142b37e849d9fd89b4b"}
,"C:\\Users\\User\\Desktop\\MICROVERSE\\Module2\\WEEK 3\\Testing-practice\\TASK2.js": {"path":"C:\\Users\\User\\Desktop\\MICROVERSE\\Module2\\WEEK 3\\Testing-practice\\TASK2.js","statementMap":{"0":{"start":{"line":2,"column":3},"end":{"line":2,"column":46}},"1":{"start":{"line":5,"column":0},"end":{"line":5,"column":31}}},"fnMap":{"0":{"name":"reverseString","decl":{"start":{"line":1,"column":9},"end":{"line":1,"column":22}},"loc":{"start":{"line":1,"column":30},"end":{"line":3,"column":1}},"line":1}},"branchMap":{},"s":{"0":1,"1":1},"f":{"0":1},"b":{},"_coverageSchema":"1a1c01bbd47fc00a2c39e90264f33305004495a9","hash":"a99f635f220a645319393854d9d325ab01f1f242"}
,"C:\\Users\\User\\Desktop\\MICROVERSE\\Module2\\WEEK 3\\Testing-practice\\TASK3.js": {"path":"C:\\Users\\User\\Desktop\\MICROVERSE\\Module2\\WEEK 3\\Testing-practice\\TASK3.js","statementMap":{"0":{"start":{"line":1,"column":19},"end":{"line":6,"column":5}},"1":{"start":{"line":2,"column":32},"end":{"line":2,"column":62}},"2":{"start":{"line":3,"column":24},"end":{"line":3,"column":39}},"3":{"start":{"line":4,"column":26},"end":{"line":4,"column":63}},"4":{"start":{"line":5,"column":4},"end":{"line":5,"column":27}},"5":{"start":{"line":8,"column":4},"end":{"line":8,"column":32}}},"fnMap":{"0":{"name":"(anonymous_0)","decl":{"start":{"line":1,"column":19},"end":{"line":1,"column":20}},"loc":{"start":{"line":1,"column":31},"end":{"line":6,"column":5}},"line":1}},"branchMap":{},"s":{"0":1,"1":1,"2":1,"3":1,"4":1,"5":1},"f":{"0":1},"b":{},"_coverageSchema":"1a1c01bbd47fc00a2c39e90264f33305004495a9","hash":"f516185e4813084ea610e9fa764598a1ae9fecde"}
,"C:\\Users\\User\\Desktop\\MICROVERSE\\Module2\\WEEK 3\\Testing-practice\\TASK4.js": {"path":"C:\\Users\\User\\Desktop\\MICROVERSE\\Module2\\WEEK 3\\Testing-practice\\TASK4.js","statementMap":{"0":{"start":{"line":5,"column":12},"end":{"line":5,"column":25}},"1":{"start":{"line":10,"column":12},"end":{"line":10,"column":25}},"2":{"start":{"line":15,"column":12},"end":{"line":15,"column":25}},"3":{"start":{"line":20,"column":12},"end":{"line":20,"column":25}},"4":{"start":{"line":24,"column":4},"end":{"line":24,"column":31}}},"fnMap":{"0":{"name":"(anonymous_0)","decl":{"start":{"line":4,"column":8},"end":{"line":4,"column":9}},"loc":{"start":{"line":4,"column":23},"end":{"line":6,"column":9}},"line":4},"1":{"name":"(anonymous_1)","decl":{"start":{"line":9,"column":8},"end":{"line":9,"column":9}},"loc":{"start":{"line":9,"column":29},"end":{"line":11,"column":9}},"line":9},"2":{"name":"(anonymous_2)","decl":{"start":{"line":14,"column":8},"end":{"line":14,"column":9}},"loc":{"start":{"line":14,"column":30},"end":{"line":16,"column":9}},"line":14},"3":{"name":"(anonymous_3)","decl":{"start":{"line":19,"column":8},"end":{"line":19,"column":9}},"loc":{"start":{"line":19,"column":27},"end":{"line":21,"column":9}},"line":19}},"branchMap":{},"s":{"0":1,"1":1,"2":1,"3":1,"4":1},"f":{"0":1,"1":1,"2":1,"3":1},"b":{},"_coverageSchema":"1a1c01bbd47fc00a2c39e90264f33305004495a9","hash":"10291c6385d698aeda55f785feb26b578f4d5d05"}
}
